data/text/ustring.hpp:39:3: style: Class 'UString' has a constructor with 1 argument that is not explicit. Such constructors should in general be explicit for type safety reasons. Using the explicit keyword in the constructor means some mistakes when using the class can be avoided. [noExplicitConstructor]
  UString(Unicode::CodePoint character);
  ^
data/text/ustring.hpp:47:3: style: Class 'UString' has a constructor with 1 argument that is not explicit. Such constructors should in general be explicit for type safety reasons. Using the explicit keyword in the constructor means some mistakes when using the class can be avoided. [noExplicitConstructor]
  UString(const char *ascii) : UString(ascii, strlen(ascii)) {}
  ^
rendering/render_bounds.hpp:23:9: style: struct member 'RenderBounds::left' is never used. [unusedStructMember]
  float left;
        ^
rendering/render_bounds.hpp:24:9: style: struct member 'RenderBounds::right' is never used. [unusedStructMember]
  float right;
        ^
rendering/render_bounds.hpp:25:9: style: struct member 'RenderBounds::top' is never used. [unusedStructMember]
  float top;
        ^
rendering/render_bounds.hpp:26:9: style: struct member 'RenderBounds::bottom' is never used. [unusedStructMember]
  float bottom;
        ^
rendering/opengl/gl_renderer.cpp:88:0: style: The function 'Dequeue' is never used. [unusedFunction]

^
rendering/opengl/gl_renderer.cpp:47:0: style: The function 'DrawFrame' is never used. [unusedFunction]

^
rendering/opengl/gl_renderer.cpp:84:0: style: The function 'Enqueue' is never used. [unusedFunction]

^
rendering/window/window_glfw.cpp:49:0: style: The function 'GetSupportedRenderers' is never used. [unusedFunction]

^
rendering/window/window_glfw.cpp:117:0: style: The function 'PollClose' is never used. [unusedFunction]

^
rendering/opengl/gl_renderer.cpp:35:0: style: The function 'Prepare' is never used. [unusedFunction]

^
rendering/window/window_glfw.cpp:54:0: style: The function 'PrepareForRenderer' is never used. [unusedFunction]

^
rendering/window/window_glfw.cpp:122:0: style: The function 'SetTitle' is never used. [unusedFunction]

^
rendering/renderer.hpp:66:0: style: The function 'SetWindow' is never used. [unusedFunction]

^
nofile:0:0: information: Cppcheck cannot find all the include files. Cppcheck can check the code without the include files found. But the results will probably be more accurate if all the include files are found. Please check your project's include directories and add all of them as include directories for Cppcheck. To see what files Cppcheck cannot find use --check-config. [missingIncludeSystem]

